<testsuites id="" name="" tests="21" failures="3" skipped="0" errors="0" time="90.808966">
<testsuite name="example.spec.ts" timestamp="2025-11-29T10:40:45.761Z" hostname="chromium" tests="1" failures="0" skipped="0" time="3.381" errors="0">
<testcase name="homepage has title" classname="example.spec.ts" time="3.381">
</testcase>
</testsuite>
<testsuite name="heading.spec.ts" timestamp="2025-11-29T10:40:45.761Z" hostname="chromium" tests="1" failures="0" skipped="0" time="3.389" errors="0">
<testcase name="homepage has an H1 with &quot;Example Domain&quot;" classname="heading.spec.ts" time="3.389">
</testcase>
</testsuite>
<testsuite name="linkedin.spec.ts" timestamp="2025-11-29T10:40:45.761Z" hostname="chromium" tests="2" failures="0" skipped="0" time="9.875" errors="0">
<testcase name="@linkedin public › linkedin homepage has signup or login form" classname="linkedin.spec.ts" time="7.093">
</testcase>
<testcase name="@linkedin public › search box or hero area is present" classname="linkedin.spec.ts" time="2.782">
</testcase>
</testsuite>
<testsuite name="login.spec.ts" timestamp="2025-11-29T10:40:45.761Z" hostname="chromium" tests="2" failures="0" skipped="0" time="4.915" errors="0">
<testcase name="login success shows success message" classname="login.spec.ts" time="3.685">
</testcase>
<testcase name="login failure shows invalid message" classname="login.spec.ts" time="1.23">
</testcase>
</testsuite>
<testsuite name="url.spec.ts" timestamp="2025-11-29T10:40:45.761Z" hostname="chromium" tests="1" failures="0" skipped="0" time="3.383" errors="0">
<testcase name="homepage URL contains example.com" classname="url.spec.ts" time="3.383">
</testcase>
</testsuite>
<testsuite name="example.spec.ts" timestamp="2025-11-29T10:40:45.761Z" hostname="firefox" tests="1" failures="1" skipped="0" time="30.04" errors="0">
<testcase name="homepage has title" classname="example.spec.ts" time="30.04">
<failure message="example.spec.ts:3:5 homepage has title" type="FAILURE">
<![CDATA[  [firefox] › example.spec.ts:3:5 › homepage has title ─────────────────────────────────────────────

    Test timeout of 30000ms exceeded while setting up "page".

    Error: browserContext.newPage: Test timeout of 30000ms exceeded.
]]>
</failure>
</testcase>
</testsuite>
<testsuite name="heading.spec.ts" timestamp="2025-11-29T10:40:45.761Z" hostname="firefox" tests="1" failures="0" skipped="0" time="10.803" errors="0">
<testcase name="homepage has an H1 with &quot;Example Domain&quot;" classname="heading.spec.ts" time="10.803">
</testcase>
</testsuite>
<testsuite name="linkedin.spec.ts" timestamp="2025-11-29T10:40:45.761Z" hostname="firefox" tests="2" failures="1" skipped="0" time="44.222" errors="0">
<testcase name="@linkedin public › linkedin homepage has signup or login form" classname="linkedin.spec.ts" time="40.501">
<failure message="linkedin.spec.ts:20:7 linkedin homepage has signup or login form" type="FAILURE">
<![CDATA[  [firefox] › linkedin.spec.ts:20:7 › @linkedin public › linkedin homepage has signup or login form 

    Tearing down "context" exceeded the test timeout of 30000ms.

    Error: browserContext.close: Test ended.
    Browser logs:

    <launching> C:\Users\migue\AppData\Local\ms-playwright\firefox-1497\firefox\firefox.exe -no-remote -wait-for-browser -foreground -profile C:\Users\migue\AppData\Local\Temp\playwright_firefoxdev_profile-JTSqmI -juggler-pipe -silent
    <launched> pid=15512
    [pid=15512][err] JavaScript warning: resource://services-settings/Utils.sys.mjs, line 116: unreachable code after return statement
    [pid=15512][out] console.warn: services.settings: Ignoring preference override of remote settings server
    [pid=15512][out] console.warn: services.settings: Allow by setting MOZ_REMOTE_SETTINGS_DEVTOOLS=1 in the environment
    [pid=15512][out] 
    [pid=15512][out] Juggler listening to the pipe
    [pid=15512][out] console.error: "Warning: unrecognized command line flag" "-foreground"
    [pid=15512][err] JavaScript error: chrome://juggler/content/Helper.js, line 82: NS_ERROR_FAILURE: Component returned failure code: 0x80004005 (NS_ERROR_FAILURE) [nsIWebProgress.removeProgressListener]
    [pid=15512][out] console.error: services.settings: 
    [pid=15512][out]   Message: EmptyDatabaseError: "main/nimbus-desktop-experiments" has not been synced yet
    [pid=15512][out]   Stack:
    [pid=15512][out]     EmptyDatabaseError@resource://services-settings/Database.sys.mjs:19:5
    [pid=15512][out] list@resource://services-settings/Database.sys.mjs:96:13
    [pid=15512][out] 
    [pid=15512][out] console.error: services.settings: 
    [pid=15512][out]   Message: EmptyDatabaseError: "main/nimbus-secure-experiments" has not been synced yet
    [pid=15512][out]   Stack:
    [pid=15512][out]     EmptyDatabaseError@resource://services-settings/Database.sys.mjs:19:5
    [pid=15512][out] list@resource://services-settings/Database.sys.mjs:96:13
    [pid=15512][out] 
    [pid=15512][out] console.warn: services.settings: #fetchAttachment: Forcing fallbackToDump to false due to Utils.LOAD_DUMPS being false
    [pid=15512][out] console.error: (new NotFoundError("Could not find fa0fc42c-d91d-fca7-34eb-806ff46062dc in cache or dump", "resource://services-settings/Attachments.sys.mjs", 48))
    [pid=15512][out] console.warn: "Unable to find the attachment for" "fa0fc42c-d91d-fca7-34eb-806ff46062dc"
    [pid=15512][err] JavaScript warning: https://static.licdn.com/aero-v1/sc/h/87irg12ceymlfmgkn0v3v1mgf, line 2: WEBGL_debug_renderer_info is deprecated in Firefox and will be removed. Please use RENDERER.
    [pid=15512][err] JavaScript warning: https://static.licdn.com/aero-v1/sc/h/87irg12ceymlfmgkn0v3v1mgf, line 2: WEBGL_debug_renderer_info is deprecated in Firefox and will be removed. Please use RENDERER.
    [pid=15512][err] JavaScript warning: https://static.licdn.com/aero-v1/sc/h/7025d7ktnuqqh9frhs6t5ocfb, line 1: WEBGL_debug_renderer_info is deprecated in Firefox and will be removed. Please use RENDERER.
    [pid=15512][err] JavaScript warning: https://static.licdn.com/aero-v1/sc/h/7025d7ktnuqqh9frhs6t5ocfb, line 1: WEBGL_debug_renderer_info is deprecated in Firefox and will be removed. Please use RENDERER.
    [pid=15512] <gracefully close start>
    [pid=15512] <kill>
    [pid=15512] <will force kill>
    [pid=15512] taskkill stdout: SUCCESS: The process with PID 19732 (child process of PID 37384) has been terminated.
    SUCCESS: The process with PID 1208 (child process of PID 37384) has been terminated.
    SUCCESS: The process with PID 10064 (child process of PID 37384) has been terminated.
    SUCCESS: The process with PID 34100 (child process of PID 37384) has been terminated.
    SUCCESS: The process with PID 40168 (child process of PID 37384) has been terminated.
    SUCCESS: The process with PID 40296 (child process of PID 37384) has been terminated.
    SUCCESS: The process with PID 37384 (child process of PID 15512) has been terminated.
    SUCCESS: The process with PID 15512 (child process of PID 19064) has been terminated.


    attachment #1: screenshot (image/png) ──────────────────────────────────────────────────────────
    ..\test-results\linkedin--linkedin-public--faf65-ge-has-signup-or-login-form-firefox\test-failed-1.png
    ────────────────────────────────────────────────────────────────────────────────────────────────
]]>
</failure>
<system-out>
<![CDATA[
[[ATTACHMENT|..\linkedin--linkedin-public--faf65-ge-has-signup-or-login-form-firefox\test-failed-1.png]]
]]>
</system-out>
</testcase>
<testcase name="@linkedin public › search box or hero area is present" classname="linkedin.spec.ts" time="3.721">
</testcase>
</testsuite>
<testsuite name="login.spec.ts" timestamp="2025-11-29T10:40:45.761Z" hostname="firefox" tests="2" failures="0" skipped="0" time="7.987" errors="0">
<testcase name="login success shows success message" classname="login.spec.ts" time="6.925">
</testcase>
<testcase name="login failure shows invalid message" classname="login.spec.ts" time="1.062">
</testcase>
</testsuite>
<testsuite name="url.spec.ts" timestamp="2025-11-29T10:40:45.761Z" hostname="firefox" tests="1" failures="1" skipped="0" time="30.038" errors="0">
<testcase name="homepage URL contains example.com" classname="url.spec.ts" time="30.038">
<failure message="url.spec.ts:3:5 homepage URL contains example.com" type="FAILURE">
<![CDATA[  [firefox] › url.spec.ts:3:5 › homepage URL contains example.com ──────────────────────────────────

    Test timeout of 30000ms exceeded while setting up "page".

    Error: browserContext.newPage: Test timeout of 30000ms exceeded.
]]>
</failure>
</testcase>
</testsuite>
<testsuite name="example.spec.ts" timestamp="2025-11-29T10:40:45.761Z" hostname="webkit" tests="1" failures="0" skipped="0" time="2.233" errors="0">
<testcase name="homepage has title" classname="example.spec.ts" time="2.233">
</testcase>
</testsuite>
<testsuite name="heading.spec.ts" timestamp="2025-11-29T10:40:45.761Z" hostname="webkit" tests="1" failures="0" skipped="0" time="2.342" errors="0">
<testcase name="homepage has an H1 with &quot;Example Domain&quot;" classname="heading.spec.ts" time="2.342">
</testcase>
</testsuite>
<testsuite name="linkedin.spec.ts" timestamp="2025-11-29T10:40:45.761Z" hostname="webkit" tests="2" failures="0" skipped="0" time="6.19" errors="0">
<testcase name="@linkedin public › linkedin homepage has signup or login form" classname="linkedin.spec.ts" time="3.996">
</testcase>
<testcase name="@linkedin public › search box or hero area is present" classname="linkedin.spec.ts" time="2.194">
</testcase>
</testsuite>
<testsuite name="login.spec.ts" timestamp="2025-11-29T10:40:45.761Z" hostname="webkit" tests="2" failures="0" skipped="0" time="3.497" errors="0">
<testcase name="login success shows success message" classname="login.spec.ts" time="1.511">
</testcase>
<testcase name="login failure shows invalid message" classname="login.spec.ts" time="1.986">
</testcase>
</testsuite>
<testsuite name="url.spec.ts" timestamp="2025-11-29T10:40:45.761Z" hostname="webkit" tests="1" failures="0" skipped="0" time="1.773" errors="0">
<testcase name="homepage URL contains example.com" classname="url.spec.ts" time="1.773">
</testcase>
</testsuite>
</testsuites>